<?xml version="1.0" encoding="UTF-8"?>
<!-- Generated by org.testng.reporters.JUnitReportReporter -->
<testsuite skipped="0" hostname="DESKTOP-OSM92AT" name="ApiTestCases.AddProjectWithoutResource" tests="1" failures="0" timestamp="2022-09-29T13:34:51 IST" time="8.357" errors="0">
  <testcase name="AddProjectWithoutProjectName" time="8.357" classname="ApiTestCases.AddProjectWithoutResource"/>
  <system-out/>
</testsuite> <!-- ApiTestCases.AddProjectWithoutResource -->
