<?xml version="1.0" encoding="UTF-8"?>
<!-- Generated by org.testng.reporters.JUnitReportReporter -->
<testsuite skipped="0" hostname="DESKTOP-OSM92AT" name="Authentication.BasicAuthTest" tests="1" failures="0" timestamp="2022-10-07T15:29:56 IST" time="7.770" errors="0">
  <testcase name="BasicAuthTest" time="7.770" classname="Authentication.BasicAuthTest"/>
  <system-out/>
</testsuite> <!-- Authentication.BasicAuthTest -->
