<?xml version="1.0" encoding="UTF-8"?>
<!-- Generated by org.testng.reporters.JUnitReportReporter -->
<testsuite skipped="0" hostname="DESKTOP-OSM92AT" name="ApiTestCases.UpdateProjectWithWrongID" tests="1" failures="0" timestamp="2022-09-29T16:42:32 IST" time="8.029" errors="0">
  <testcase name="UpdateProjectWithWrongID" time="8.029" classname="ApiTestCases.UpdateProjectWithWrongID"/>
  <system-out/>
</testsuite> <!-- ApiTestCases.UpdateProjectWithWrongID -->
