<?xml version="1.0" encoding="UTF-8"?>
<!-- Generated by org.testng.reporters.JUnitReportReporter -->
<testsuite skipped="0" hostname="DESKTOP-OSM92AT" name="CRUD_OperationWithOut_BDD.B_AddEmployeeTest" tests="1" failures="0" timestamp="2022-09-28T12:58:02 IST" time="15.414" errors="0">
  <testcase name="AddEmployee" time="15.414" classname="CRUD_OperationWithOut_BDD.B_AddEmployeeTest"/>
  <system-out/>
</testsuite> <!-- CRUD_OperationWithOut_BDD.B_AddEmployeeTest -->
