<?xml version="1.0" encoding="UTF-8"?>
<!-- Generated by org.testng.reporters.JUnitReportReporter -->
<testsuite skipped="0" hostname="DESKTOP-OSM92AT" name="SeriliazationAndDeserilization.B_SerializationOfEmpDetailsWithArray" tests="1" failures="0" timestamp="2022-10-11T13:13:55 IST" time="0.672" errors="0">
  <testcase name="SerializationOfEmpDetailsWithArrayTest" time="0.672" classname="SeriliazationAndDeserilization.B_SerializationOfEmpDetailsWithArray"/>
  <system-out/>
</testsuite> <!-- SeriliazationAndDeserilization.B_SerializationOfEmpDetailsWithArray -->
