<?xml version="1.0" encoding="UTF-8"?>
<!-- Generated by org.testng.reporters.JUnitReportReporter -->
<testsuite skipped="0" hostname="DESKTOP-OSM92AT" name="ValidationOfTestCases.PostingWithoutEndPoint" tests="1" failures="0" timestamp="2022-10-04T10:31:50 IST" time="8.124" errors="0">
  <testcase name="postingWithoutEndPoint" time="8.124" classname="ValidationOfTestCases.PostingWithoutEndPoint"/>
  <system-out/>
</testsuite> <!-- ValidationOfTestCases.PostingWithoutEndPoint -->
