<?xml version="1.0" encoding="UTF-8"?>
<!-- Generated by org.testng.reporters.JUnitReportReporter -->
<testsuite skipped="0" hostname="DESKTOP-OSM92AT" name="CRUD_OperationWith_BDD.E_DeleteSingleProject" tests="1" failures="0" timestamp="2022-09-29T12:31:39 IST" time="10.697" errors="0">
  <testcase name="deleteSingleProjectTest" time="10.697" classname="CRUD_OperationWith_BDD.E_DeleteSingleProject"/>
  <system-out/>
</testsuite> <!-- CRUD_OperationWith_BDD.E_DeleteSingleProject -->
