<?xml version="1.0" encoding="UTF-8"?>
<!-- Generated by org.testng.reporters.JUnitReportReporter -->
<testsuite skipped="0" hostname="DESKTOP-OSM92AT" name="ValidationTest.D_BodyValidation" tests="1" failures="0" timestamp="2022-10-03T17:24:36 IST" time="7.060" errors="0">
  <testcase name="bodyValTest" time="7.060" classname="ValidationTest.D_BodyValidation"/>
  <system-out/>
</testsuite> <!-- ValidationTest.D_BodyValidation -->
