<?xml version="1.0" encoding="UTF-8"?>
<!-- Generated by org.testng.reporters.JUnitReportReporter -->
<testsuite skipped="0" hostname="DESKTOP-OSM92AT" name="DataDrivenTesting.AddProjectUsingDataProviderTest" tests="2" failures="0" timestamp="2022-10-03T16:05:25 IST" time="14.290" errors="0">
  <testcase name="addProjectTest" time="13.702" classname="DataDrivenTesting.AddProjectUsingDataProviderTest"/>
  <system-out/>
  <testcase name="addProjectTest" time="0.588" classname="DataDrivenTesting.AddProjectUsingDataProviderTest"/>
  <system-out/>
</testsuite> <!-- DataDrivenTesting.AddProjectUsingDataProviderTest -->
