<?xml version="1.0" encoding="UTF-8"?>
<!-- Generated by org.testng.reporters.JUnitReportReporter -->
<testsuite skipped="0" hostname="DESKTOP-OSM92AT" name="ApiTestCases.AddProjectWithWrongResourceTest" tests="1" failures="0" timestamp="2022-09-29T13:35:27 IST" time="9.438" errors="0">
  <testcase name="AddProjectWithoutProjectName" time="9.438" classname="ApiTestCases.AddProjectWithWrongResourceTest"/>
  <system-out/>
</testsuite> <!-- ApiTestCases.AddProjectWithWrongResourceTest -->
