<?xml version="1.0" encoding="UTF-8"?>
<!-- Generated by org.testng.reporters.JUnitReportReporter -->
<testsuite skipped="0" hostname="DESKTOP-OSM92AT" name="Authentication.BearerTokenTest" tests="1" failures="0" timestamp="2022-10-07T15:47:28 IST" time="11.277" errors="0">
  <testcase name="BearerTokenTest" time="11.277" classname="Authentication.BearerTokenTest"/>
  <system-out/>
</testsuite> <!-- Authentication.BearerTokenTest -->
