<?xml version="1.0" encoding="UTF-8"?>
<!-- Generated by org.testng.reporters.JUnitReportReporter -->
<testsuite skipped="0" hostname="DESKTOP-OSM92AT" name="CRUD_OperationWithOut_BDD.C_GetProjectTest" tests="1" failures="0" timestamp="2022-09-28T13:17:43 IST" time="15.582" errors="0">
  <testcase name="getAllProjects" time="15.582" classname="CRUD_OperationWithOut_BDD.C_GetProjectTest"/>
  <system-out/>
</testsuite> <!-- CRUD_OperationWithOut_BDD.C_GetProjectTest -->
