<?xml version="1.0" encoding="UTF-8"?>
<!-- Generated by org.testng.reporters.JUnitReportReporter -->
<testsuite skipped="0" hostname="DESKTOP-OSM92AT" name="RequestChaining.PostAndDeleteTest" tests="1" failures="0" timestamp="2022-10-06T13:05:21 IST" time="69.676" errors="0">
  <testcase name="PostAndDelete" time="69.676" classname="RequestChaining.PostAndDeleteTest"/>
  <system-out/>
</testsuite> <!-- RequestChaining.PostAndDeleteTest -->
