<?xml version="1.0" encoding="UTF-8"?>
<!-- Generated by org.testng.reporters.JUnitReportReporter -->
<testsuite skipped="0" hostname="DESKTOP-OSM92AT" name="ValidationTest.C_StatusLineValidationTest" tests="1" failures="0" timestamp="2022-10-03T17:03:34 IST" time="6.882" errors="0">
  <testcase name="statusLineValidation" time="6.882" classname="ValidationTest.C_StatusLineValidationTest"/>
  <system-out/>
</testsuite> <!-- ValidationTest.C_StatusLineValidationTest -->
