<?xml version="1.0" encoding="UTF-8"?>
<!-- Generated by org.testng.reporters.JUnitReportReporter -->
<testsuite skipped="0" hostname="DESKTOP-OSM92AT" name="ApiTestCases.AddProjectWithDifferentResourceAndDifferentContentTypeTest" tests="1" failures="0" timestamp="2022-09-29T15:25:06 IST" time="8.896" errors="0">
  <testcase name="AddProjectWithDifferentContentType" time="8.896" classname="ApiTestCases.AddProjectWithDifferentResourceAndDifferentContentTypeTest"/>
  <system-out/>
</testsuite> <!-- ApiTestCases.AddProjectWithDifferentResourceAndDifferentContentTypeTest -->
