<?xml version="1.0" encoding="UTF-8"?>
<!-- Generated by org.testng.reporters.JUnitReportReporter -->
<testsuite skipped="0" hostname="DESKTOP-OSM92AT" name="SeriliazationAndDeserilization.C_EmployeeDetailsWithObject" tests="1" failures="0" timestamp="2022-10-11T13:14:16 IST" time="0.734" errors="0">
  <testcase name="EmployeeDetailsWithObjectTest" time="0.734" classname="SeriliazationAndDeserilization.C_EmployeeDetailsWithObject"/>
  <system-out/>
</testsuite> <!-- SeriliazationAndDeserilization.C_EmployeeDetailsWithObject -->
