<?xml version="1.0" encoding="UTF-8"?>
<!-- Generated by org.testng.reporters.JUnitReportReporter -->
<testsuite skipped="0" hostname="DESKTOP-OSM92AT" name="Practice1.SerilizationOfNormalPojoClass" tests="1" failures="0" timestamp="2022-10-11T13:07:51 IST" time="0.984" errors="0">
  <testcase name="SerilizationOfNormalPojoClass" time="0.984" classname="Practice1.SerilizationOfNormalPojoClass"/>
  <system-out/>
</testsuite> <!-- Practice1.SerilizationOfNormalPojoClass -->
