<?xml version="1.0" encoding="UTF-8"?>
<!-- Generated by org.testng.reporters.JUnitReportReporter -->
<testsuite skipped="0" hostname="DESKTOP-OSM92AT" name="SeriliazationAndDeserilization.E_ContactNum" tests="1" failures="0" timestamp="2022-09-27T16:30:18 IST" time="0.651" errors="0">
  <testcase name="serilizationOfContactTest" time="0.651" classname="SeriliazationAndDeserilization.E_ContactNum"/>
  <system-out/>
</testsuite> <!-- SeriliazationAndDeserilization.E_ContactNum -->
