<?xml version="1.0" encoding="UTF-8"?>
<!-- Generated by org.testng.reporters.JUnitReportReporter -->
<testsuite skipped="0" hostname="DESKTOP-OSM92AT" name="SeriliazationAndDeserilization.G_DeserializationEmp" tests="1" failures="0" timestamp="2022-09-27T17:32:59 IST" time="0.680" errors="1">
  <testcase name="deserilizationOfContactTest" time="0.680" classname="SeriliazationAndDeserilization.G_DeserializationEmp">
    <error type="org.codehaus.jackson.map.exc.UnrecognizedPropertyException" message="Unrecognized field &quot;eName&quot; (Class SeriliazationAndDeserilization.C_EmployeeDetailsWithObject), not marked as ignorable
 at [Source: .\C_EmployeeDetailsWithObject; line: 1, column: 11] (through reference chain: SeriliazationAndDeserilization.C_EmployeeDetailsWithObject[&quot;eName&quot;])">
      <![CDATA[org.codehaus.jackson.map.exc.UnrecognizedPropertyException: Unrecognized field "eName" (Class SeriliazationAndDeserilization.C_EmployeeDetailsWithObject), not marked as ignorable
 at [Source: .\C_EmployeeDetailsWithObject; line: 1, column: 11] (through reference chain: SeriliazationAndDeserilization.C_EmployeeDetailsWithObject["eName"])
at org.codehaus.jackson.map.exc.UnrecognizedPropertyException.from(UnrecognizedPropertyException.java:53)
at org.codehaus.jackson.map.deser.StdDeserializationContext.unknownFieldException(StdDeserializationContext.java:267)
at org.codehaus.jackson.map.deser.std.StdDeserializer.reportUnknownProperty(StdDeserializer.java:673)
at org.codehaus.jackson.map.deser.std.StdDeserializer.handleUnknownProperty(StdDeserializer.java:659)
at org.codehaus.jackson.map.deser.BeanDeserializer.handleUnknownProperty(BeanDeserializer.java:1365)
at org.codehaus.jackson.map.deser.BeanDeserializer._handleUnknown(BeanDeserializer.java:725)
at org.codehaus.jackson.map.deser.BeanDeserializer.deserializeFromObject(BeanDeserializer.java:703)
at org.codehaus.jackson.map.deser.BeanDeserializer.deserialize(BeanDeserializer.java:580)
at org.codehaus.jackson.map.ObjectMapper._readMapAndClose(ObjectMapper.java:2732)
at org.codehaus.jackson.map.ObjectMapper.readValue(ObjectMapper.java:1817)
at SeriliazationAndDeserilization.G_DeserializationEmp.deserilizationOfContactTest(G_DeserializationEmp.java:20)
at sun.reflect.NativeMethodAccessorImpl.invoke0(Native Method)
at sun.reflect.NativeMethodAccessorImpl.invoke(Unknown Source)
at sun.reflect.DelegatingMethodAccessorImpl.invoke(Unknown Source)
at java.lang.reflect.Method.invoke(Unknown Source)
at org.testng.internal.MethodInvocationHelper.invokeMethod(MethodInvocationHelper.java:133)
at org.testng.internal.TestInvoker.invokeMethod(TestInvoker.java:598)
at org.testng.internal.TestInvoker.invokeTestMethod(TestInvoker.java:173)
at org.testng.internal.MethodRunner.runInSequence(MethodRunner.java:46)
at org.testng.internal.TestInvoker$MethodInvocationAgent.invoke(TestInvoker.java:824)
at org.testng.internal.TestInvoker.invokeTestMethods(TestInvoker.java:146)
at org.testng.internal.TestMethodWorker.invokeTestMethods(TestMethodWorker.java:146)
at org.testng.internal.TestMethodWorker.run(TestMethodWorker.java:128)
at java.util.ArrayList.forEach(Unknown Source)
at org.testng.TestRunner.privateRun(TestRunner.java:794)
at org.testng.TestRunner.run(TestRunner.java:596)
at org.testng.SuiteRunner.runTest(SuiteRunner.java:377)
at org.testng.SuiteRunner.runSequentially(SuiteRunner.java:371)
at org.testng.SuiteRunner.privateRun(SuiteRunner.java:332)
at org.testng.SuiteRunner.run(SuiteRunner.java:276)
at org.testng.SuiteRunnerWorker.runSuite(SuiteRunnerWorker.java:53)
at org.testng.SuiteRunnerWorker.run(SuiteRunnerWorker.java:96)
at org.testng.TestNG.runSuitesSequentially(TestNG.java:1212)
at org.testng.TestNG.runSuitesLocally(TestNG.java:1134)
at org.testng.TestNG.runSuites(TestNG.java:1063)
at org.testng.TestNG.run(TestNG.java:1031)
at org.testng.remote.AbstractRemoteTestNG.run(AbstractRemoteTestNG.java:115)
at org.testng.remote.RemoteTestNG.initAndRun(RemoteTestNG.java:251)
at org.testng.remote.RemoteTestNG.main(RemoteTestNG.java:77)
]]>
    </error>
  </testcase> <!-- deserilizationOfContactTest -->
  <system-out/>
</testsuite> <!-- SeriliazationAndDeserilization.G_DeserializationEmp -->
