<?xml version="1.0" encoding="UTF-8"?>
<!-- Generated by org.testng.reporters.JUnitReportReporter -->
<testsuite skipped="0" hostname="DESKTOP-OSM92AT" name="ValidationOfTestCases.PostIntValueInsteadOfString" tests="1" failures="0" timestamp="2022-10-04T10:37:30 IST" time="8.859" errors="0">
  <testcase name="PostIntValueInsteadOfString" time="8.859" classname="ValidationOfTestCases.PostIntValueInsteadOfString"/>
  <system-out/>
</testsuite> <!-- ValidationOfTestCases.PostIntValueInsteadOfString -->
