<?xml version="1.0" encoding="UTF-8"?>
<!-- Generated by org.testng.reporters.JUnitReportReporter -->
<testsuite skipped="0" hostname="DESKTOP-OSM92AT" name="ApiTestCases.GetProjectWithWrongResourcePath" tests="1" failures="0" timestamp="2022-09-29T15:00:33 IST" time="8.810" errors="0">
  <testcase name="getAllProjectTest" time="8.810" classname="ApiTestCases.GetProjectWithWrongResourcePath"/>
  <system-out/>
</testsuite> <!-- ApiTestCases.GetProjectWithWrongResourcePath -->
