<?xml version="1.0" encoding="UTF-8"?>
<!-- Generated by org.testng.reporters.JUnitReportReporter -->
<testsuite skipped="0" hostname="DESKTOP-OSM92AT" name="ApiTestCases.UpdateProjectWithoutWrongResourceTest" tests="1" failures="0" timestamp="2022-09-29T16:38:44 IST" time="5.926" errors="0">
  <testcase name="updateProjectTest" time="5.926" classname="ApiTestCases.UpdateProjectWithoutWrongResourceTest"/>
  <system-out/>
</testsuite> <!-- ApiTestCases.UpdateProjectWithoutWrongResourceTest -->
