<?xml version="1.0" encoding="UTF-8"?>
<!-- Generated by org.testng.reporters.JUnitReportReporter -->
<testsuite skipped="0" hostname="DESKTOP-OSM92AT" name="CRUD_OperationWith_BDD.B_GetAllProjectsTest" tests="1" failures="0" timestamp="2022-09-29T12:19:51 IST" time="6.647" errors="0">
  <testcase name="getAllProjectTest" time="6.647" classname="CRUD_OperationWith_BDD.B_GetAllProjectsTest"/>
  <system-out/>
</testsuite> <!-- CRUD_OperationWith_BDD.B_GetAllProjectsTest -->
