<?xml version="1.0" encoding="UTF-8"?>
<!-- Generated by org.testng.reporters.JUnitReportReporter -->
<testsuite skipped="0" hostname="DESKTOP-OSM92AT" name="CRUD_OperationWith_BDD.C_GetSingleProjectTest" tests="1" failures="0" timestamp="2022-09-29T12:20:24 IST" time="7.895" errors="0">
  <testcase name="getSingleProjectTest" time="7.895" classname="CRUD_OperationWith_BDD.C_GetSingleProjectTest"/>
  <system-out/>
</testsuite> <!-- CRUD_OperationWith_BDD.C_GetSingleProjectTest -->
