<?xml version="1.0" encoding="UTF-8"?>
<!-- Generated by org.testng.reporters.JUnitReportReporter -->
<testsuite skipped="0" hostname="DESKTOP-OSM92AT" name="Parameter.QueryParametrer" tests="1" failures="0" timestamp="2022-10-06T11:26:44 IST" time="10.306" errors="0">
  <testcase name="QueryParameterTest" time="10.306" classname="Parameter.QueryParametrer"/>
  <system-out/>
</testsuite> <!-- Parameter.QueryParametrer -->
