<?xml version="1.0" encoding="UTF-8"?>
<!-- Generated by org.testng.reporters.JUnitReportReporter -->
<testsuite skipped="0" hostname="DESKTOP-OSM92AT" name="ValidationTest.E_HeaderValidationTest" tests="1" failures="0" timestamp="2022-10-03T17:34:19 IST" time="7.559" errors="0">
  <testcase name="validation" time="7.559" classname="ValidationTest.E_HeaderValidationTest"/>
  <system-out/>
</testsuite> <!-- ValidationTest.E_HeaderValidationTest -->
