<?xml version="1.0" encoding="UTF-8"?>
<!-- Generated by org.testng.reporters.JUnitReportReporter -->
<testsuite skipped="0" hostname="DESKTOP-OSM92AT" name="ValidationOfTestCases.PostMethodValidation" tests="1" failures="0" timestamp="2022-10-04T10:11:34 IST" time="7.410" errors="0">
  <testcase name="createProjectTest" time="7.410" classname="ValidationOfTestCases.PostMethodValidation"/>
  <system-out/>
</testsuite> <!-- ValidationOfTestCases.PostMethodValidation -->
