<?xml version="1.0" encoding="UTF-8"?>
<!-- Generated by org.testng.reporters.JUnitReportReporter -->
<testsuite skipped="0" hostname="DESKTOP-OSM92AT" name="SeriliazationAndDeserilization.SerializationOfEmpDetails" tests="1" failures="0" timestamp="2022-09-27T12:37:18 IST" time="0.700" errors="0">
  <testcase name="SerializationOfEmpDetailsTest" time="0.700" classname="SeriliazationAndDeserilization.SerializationOfEmpDetails"/>
  <system-out/>
</testsuite> <!-- SeriliazationAndDeserilization.SerializationOfEmpDetails -->
