<?xml version="1.0" encoding="UTF-8"?>
<!-- Generated by org.testng.reporters.JUnitReportReporter -->
<testsuite skipped="0" hostname="DESKTOP-OSM92AT" name="Parameter.PathAndQueryParameter" tests="1" failures="0" timestamp="2022-10-06T11:45:42 IST" time="9.912" errors="0">
  <testcase name="parameter" time="9.912" classname="Parameter.PathAndQueryParameter"/>
  <system-out/>
</testsuite> <!-- Parameter.PathAndQueryParameter -->
