<?xml version="1.0" encoding="UTF-8"?>
<!-- Generated by org.testng.reporters.JUnitReportReporter -->
<testsuite skipped="0" hostname="DESKTOP-OSM92AT" name="SeriliazationAndDeserilization.D_Emp_Wife_Details" tests="1" failures="0" timestamp="2022-09-27T14:47:27 IST" time="0.750" errors="0">
  <testcase name="E_Emp_Wife_DetailsD_Emp_Wife_DetailsTest" time="0.750" classname="SeriliazationAndDeserilization.D_Emp_Wife_Details"/>
  <system-out/>
</testsuite> <!-- SeriliazationAndDeserilization.D_Emp_Wife_Details -->
