<?xml version="1.0" encoding="UTF-8"?>
<!-- Generated by org.testng.reporters.JUnitReportReporter -->
<testsuite skipped="0" hostname="DESKTOP-OSM92AT" name="ApiTestCases.AddProjectWithDifferentContentType" tests="1" failures="0" timestamp="2022-10-03T17:39:47 IST" time="9.274" errors="0">
  <testcase name="AddProjectWithDifferentContentType" time="9.274" classname="ApiTestCases.AddProjectWithDifferentContentType"/>
  <system-out/>
</testsuite> <!-- ApiTestCases.AddProjectWithDifferentContentType -->
