<?xml version="1.0" encoding="UTF-8"?>
<!-- Generated by org.testng.reporters.JUnitReportReporter -->
<testsuite skipped="0" hostname="DESKTOP-OSM92AT" name="CRUD_OperationWithOut_BDD.A_AddProjectTest" tests="1" failures="0" timestamp="2022-09-28T12:38:08 IST" time="12.015" errors="0">
  <testcase name="createProject" time="12.015" classname="CRUD_OperationWithOut_BDD.A_AddProjectTest"/>
  <system-out/>
</testsuite> <!-- CRUD_OperationWithOut_BDD.A_AddProjectTest -->
