<?xml version="1.0" encoding="UTF-8"?>
<!-- Generated by org.testng.reporters.JUnitReportReporter -->
<testsuite skipped="0" hostname="DESKTOP-OSM92AT" name="CRUD_OperationWithOut_BDD.D_GetAllProject" tests="1" failures="0" timestamp="2022-10-03T16:12:29 IST" time="7.562" errors="0">
  <testcase name="getAllProject" time="7.562" classname="CRUD_OperationWithOut_BDD.D_GetAllProject"/>
  <system-out/>
</testsuite> <!-- CRUD_OperationWithOut_BDD.D_GetAllProject -->
