<?xml version="1.0" encoding="UTF-8"?>
<!-- Generated by org.testng.reporters.JUnitReportReporter -->
<testsuite skipped="0" hostname="DESKTOP-OSM92AT" name="SeriliazationAndDeserilization.F_Deserialization" tests="1" failures="0" timestamp="2022-10-11T13:13:24 IST" time="0.847" errors="0">
  <testcase name="deserilizationOfContactTest" time="0.847" classname="SeriliazationAndDeserilization.F_Deserialization"/>
  <system-out/>
</testsuite> <!-- SeriliazationAndDeserilization.F_Deserialization -->
