<?xml version="1.0" encoding="UTF-8"?>
<!-- Generated by org.testng.reporters.JUnitReportReporter -->
<testsuite skipped="0" hostname="DESKTOP-OSM92AT" name="RequestChaining.UpdateAndGet" tests="1" failures="0" timestamp="2022-10-06T15:28:56 IST" time="9.860" errors="0">
  <testcase name="Post_UpdateAndGet" time="9.860" classname="RequestChaining.UpdateAndGet"/>
  <system-out/>
</testsuite> <!-- RequestChaining.UpdateAndGet -->
