<?xml version="1.0" encoding="UTF-8"?>
<!-- Generated by org.testng.reporters.JUnitReportReporter -->
<testsuite skipped="0" hostname="DESKTOP-OSM92AT" name="SeriliazationAndDeserilization.A_SerializationOfEmpDetails" tests="1" failures="0" timestamp="2022-10-11T13:08:23 IST" time="0.828" errors="0">
  <testcase name="SerializationOfEmpDetailsTest" time="0.828" classname="SeriliazationAndDeserilization.A_SerializationOfEmpDetails"/>
  <system-out/>
</testsuite> <!-- SeriliazationAndDeserilization.A_SerializationOfEmpDetails -->
