<?xml version="1.0" encoding="UTF-8"?>
<!-- Generated by org.testng.reporters.JUnitReportReporter -->
<testsuite skipped="0" hostname="DESKTOP-OSM92AT" name="SeriliazationAndDeserilization.H_DeserializationWithArray" tests="1" failures="0" timestamp="2022-09-28T10:37:16 IST" time="0.640" errors="0">
  <testcase name="DeserializationWithArrayTest" time="0.640" classname="SeriliazationAndDeserilization.H_DeserializationWithArray"/>
  <system-out/>
</testsuite> <!-- SeriliazationAndDeserilization.H_DeserializationWithArray -->
