<?xml version="1.0" encoding="UTF-8"?>
<!-- Generated by org.testng.reporters.JUnitReportReporter -->
<testsuite skipped="0" hostname="DESKTOP-OSM92AT" name="PracticeExamples1.A_SerilizationOfaddProject" tests="1" failures="0" timestamp="2022-10-11T21:35:37 IST" time="1.118" errors="0">
  <testcase name="A_SerilizationOfaddProject" time="1.118" classname="PracticeExamples1.A_SerilizationOfaddProject"/>
  <system-out/>
</testsuite> <!-- PracticeExamples1.A_SerilizationOfaddProject -->
