<?xml version="1.0" encoding="UTF-8"?>
<!-- Generated by org.testng.reporters.JUnitReportReporter -->
<testsuite skipped="0" hostname="DESKTOP-OSM92AT" name="PracticeExamples1.B_DeserilizationOfaddProject" tests="1" failures="0" timestamp="2022-10-11T21:43:10 IST" time="0.858" errors="0">
  <testcase name="B_Deserilization" time="0.858" classname="PracticeExamples1.B_DeserilizationOfaddProject"/>
  <system-out/>
</testsuite> <!-- PracticeExamples1.B_DeserilizationOfaddProject -->
